build/app/intermediates/manifest_merge_blame_file/debug/manifest-merger-blame-debug-report.txt
1<?xml version="1.0" encoding="utf-8"?>
2<manifest xmlns:android="http://schemas.android.com/apk/res/android"
3    package="com.thealphamerc.flutter_twitter_clone"
4    android:versionCode="11"
5    android:versionName="1.0.6" >
6
7    <uses-sdk
8        android:minSdkVersion="20"
9        android:targetSdkVersion="29" />
10    <!--
11         Flutter needs it to communicate with the running application
12         to allow setting breakpoints, to provide hot reload, etc.
13    -->
14    <uses-permission android:name="android.permission.INTERNET" />
14-->src\main\AndroidManifest.xml:9:5-66
14-->src\main\AndroidManifest.xml:9:22-64
15    <uses-permission android:name="android.permission.READ_EXTERNAL_STORAGE" />
15-->[:image_picker] AndroidManifest.xml:7:5-80
15-->[:image_picker] AndroidManifest.xml:7:22-77
16    <uses-permission android:name="android.permission.WRITE_EXTERNAL_STORAGE" />
16-->[:image_picker] AndroidManifest.xml:8:5-81
16-->[:image_picker] AndroidManifest.xml:8:22-78
17    <uses-permission android:name="android.permission.ACCESS_NETWORK_STATE" />
17-->[:firebase_analytics] AndroidManifest.xml:7:5-79
17-->[:firebase_analytics] AndroidManifest.xml:7:22-76
18    <uses-permission android:name="android.permission.WAKE_LOCK" />
18-->[:firebase_analytics] AndroidManifest.xml:9:5-68
18-->[:firebase_analytics] AndroidManifest.xml:9:22-65
19    <uses-permission android:name="com.google.android.finsky.permission.BIND_GET_INSTALL_REFERRER_SERVICE" /> <!-- Required by older versions of Google Play services to create IID tokens -->
19-->[com.google.android.gms:play-services-measurement:18.0.0] AndroidManifest.xml:26:5-110
19-->[com.google.android.gms:play-services-measurement:18.0.0] AndroidManifest.xml:26:22-107
20    <uses-permission android:name="com.google.android.c2dm.permission.RECEIVE" />
20-->[com.google.firebase:firebase-iid:21.0.1] AndroidManifest.xml:26:5-82
20-->[com.google.firebase:firebase-iid:21.0.1] AndroidManifest.xml:26:22-79
21    <uses-permission android:name="android.permission.CAMERA" /> <!-- Don't require camera, as this requires a rear camera. This allows it to work on the Nexus 7 -->
21-->[com.journeyapps:zxing-android-embedded:4.1.0] AndroidManifest.xml:22:5-65
21-->[com.journeyapps:zxing-android-embedded:4.1.0] AndroidManifest.xml:22:22-62
22    <uses-feature
22-->[com.journeyapps:zxing-android-embedded:4.1.0] AndroidManifest.xml:25:5-27:36
23        android:name="android.hardware.camera"
23-->[com.journeyapps:zxing-android-embedded:4.1.0] AndroidManifest.xml:26:9-47
24        android:required="false" />
24-->[com.journeyapps:zxing-android-embedded:4.1.0] AndroidManifest.xml:27:9-33
25    <uses-feature
25-->[com.journeyapps:zxing-android-embedded:4.1.0] AndroidManifest.xml:28:5-30:36
26        android:name="android.hardware.camera.front"
26-->[com.journeyapps:zxing-android-embedded:4.1.0] AndroidManifest.xml:29:9-53
27        android:required="false" /> <!-- TODO replace above two with next line after Android 4.2 -->
27-->[com.journeyapps:zxing-android-embedded:4.1.0] AndroidManifest.xml:30:9-33
28    <!-- <uses-feature android:name="android.hardware.camera.any"/> -->
29    <uses-feature
29-->[com.journeyapps:zxing-android-embedded:4.1.0] AndroidManifest.xml:33:5-35:36
30        android:name="android.hardware.camera.autofocus"
30-->[com.journeyapps:zxing-android-embedded:4.1.0] AndroidManifest.xml:34:9-57
31        android:required="false" />
31-->[com.journeyapps:zxing-android-embedded:4.1.0] AndroidManifest.xml:35:9-33
32    <uses-feature
32-->[com.journeyapps:zxing-android-embedded:4.1.0] AndroidManifest.xml:36:5-38:36
33        android:name="android.hardware.camera.flash"
33-->[com.journeyapps:zxing-android-embedded:4.1.0] AndroidManifest.xml:37:9-53
34        android:required="false" />
34-->[com.journeyapps:zxing-android-embedded:4.1.0] AndroidManifest.xml:38:9-33
35    <uses-feature
35-->[com.journeyapps:zxing-android-embedded:4.1.0] AndroidManifest.xml:39:5-41:36
36        android:name="android.hardware.screen.landscape"
36-->[com.journeyapps:zxing-android-embedded:4.1.0] AndroidManifest.xml:40:9-57
37        android:required="false" />
37-->[com.journeyapps:zxing-android-embedded:4.1.0] AndroidManifest.xml:41:9-33
38    <uses-feature
38-->[com.journeyapps:zxing-android-embedded:4.1.0] AndroidManifest.xml:42:5-44:36
39        android:name="android.hardware.wifi"
39-->[com.journeyapps:zxing-android-embedded:4.1.0] AndroidManifest.xml:43:9-45
40        android:required="false" />
40-->[com.journeyapps:zxing-android-embedded:4.1.0] AndroidManifest.xml:44:9-33
41
42    <application
42-->src\main\AndroidManifest.xml:10:6-48:19
43        android:name="io.flutter.app.FlutterApplication"
43-->src\main\AndroidManifest.xml:11:9-57
44        android:appComponentFactory="androidx.core.app.CoreComponentFactory"
44-->[androidx.core:core:1.3.1] AndroidManifest.xml:24:18-86
45        android:debuggable="true"
46        android:icon="@mipmap/ic_launcher"
46-->src\main\AndroidManifest.xml:13:9-43
47        android:label="Fwitter" >
47-->src\main\AndroidManifest.xml:12:9-32
48        <activity
48-->src\main\AndroidManifest.xml:14:9-42:20
49            android:name="com.thealphamerc.flutter_twitter_clone.MainActivity"
49-->src\main\AndroidManifest.xml:15:13-41
50            android:configChanges="orientation|keyboardHidden|keyboard|screenSize|smallestScreenSize|locale|layoutDirection|fontScale|screenLayout|density|uiMode"
50-->src\main\AndroidManifest.xml:18:13-163
51            android:hardwareAccelerated="true"
51-->src\main\AndroidManifest.xml:19:13-47
52            android:launchMode="singleTop"
52-->src\main\AndroidManifest.xml:16:13-43
53            android:theme="@style/LaunchTheme"
53-->src\main\AndroidManifest.xml:17:13-47
54            android:windowSoftInputMode="adjustResize" >
54-->src\main\AndroidManifest.xml:20:13-55
55
56            <!--
57                  Specifies an Android theme to apply to this Activity as soon as
58                 the Android process has started. This theme is visible to the user
59                 while the Flutter UI initializes. After that, this theme continues
60                 to determine the Window background behind the Flutter UI.
61            -->
62            <meta-data
62-->src\main\AndroidManifest.xml:25:13-28:17
63                android:name="io.flutter.embedding.android.NormalTheme"
63-->src\main\AndroidManifest.xml:26:15-70
64                android:resource="@style/NormalTheme" />
64-->src\main\AndroidManifest.xml:27:15-52
65            <!--
66                 Displays an Android View that continues showing the launch screen
67                 Drawable until Flutter paints its first frame, then this splash
68                 screen fades out. A splash screen is useful to avoid any visual
69                 gap between the end of Android's launch screen and the painting of
70                 Flutter's first frame.
71            -->
72            <meta-data
72-->src\main\AndroidManifest.xml:34:13-37:17
73                android:name="io.flutter.embedding.android.SplashScreenDrawable"
73-->src\main\AndroidManifest.xml:35:15-79
74                android:resource="@drawable/launch_background" />
74-->src\main\AndroidManifest.xml:36:15-61
75
76            <intent-filter>
76-->src\main\AndroidManifest.xml:38:13-41:29
77                <action android:name="android.intent.action.MAIN" />
77-->src\main\AndroidManifest.xml:39:17-68
77-->src\main\AndroidManifest.xml:39:25-66
78
79                <category android:name="android.intent.category.LAUNCHER" />
79-->src\main\AndroidManifest.xml:40:17-76
79-->src\main\AndroidManifest.xml:40:27-74
80            </intent-filter>
81        </activity>
82        <!--
83             Don't delete the meta-data below.
84             This is used by the Flutter tool to generate GeneratedPluginRegistrant.java
85        -->
86        <meta-data
86-->src\main\AndroidManifest.xml:45:9-47:33
87            android:name="flutterEmbedding"
87-->src\main\AndroidManifest.xml:46:13-44
88            android:value="2" />
88-->src\main\AndroidManifest.xml:47:13-30
89
90        <provider
90-->[:image_picker] AndroidManifest.xml:11:9-19:20
91            android:name="io.flutter.plugins.imagepicker.ImagePickerFileProvider"
91-->[:image_picker] AndroidManifest.xml:12:13-82
92            android:authorities="com.thealphamerc.flutter_twitter_clone.flutter.image_provider"
92-->[:image_picker] AndroidManifest.xml:13:13-74
93            android:exported="false"
93-->[:image_picker] AndroidManifest.xml:14:13-37
94            android:grantUriPermissions="true" >
94-->[:image_picker] AndroidManifest.xml:15:13-47
95            <meta-data
95-->[:image_picker] AndroidManifest.xml:16:13-18:75
96                android:name="android.support.FILE_PROVIDER_PATHS"
96-->[:image_picker] AndroidManifest.xml:17:17-67
97                android:resource="@xml/flutter_image_picker_file_paths" />
97-->[:image_picker] AndroidManifest.xml:18:17-72
98        </provider>
99
100        <service
100-->[:cloud_firestore] AndroidManifest.xml:8:9-12:19
101            android:name="com.google.firebase.components.ComponentDiscoveryService"
101-->[:cloud_firestore] AndroidManifest.xml:8:18-89
102            android:directBootAware="true"
102-->[com.google.firebase:firebase-common:19.5.0] AndroidManifest.xml:35:13-43
103            android:exported="false" >
103-->[com.google.firebase:firebase-auth:20.0.1] AndroidManifest.xml:76:13-37
104            <meta-data
104-->[:cloud_firestore] AndroidManifest.xml:9:13-11:85
105                android:name="com.google.firebase.components:io.flutter.plugins.firebase.firestore.FlutterFirebaseFirestoreRegistrar"
105-->[:cloud_firestore] AndroidManifest.xml:10:17-134
106                android:value="com.google.firebase.components.ComponentRegistrar" />
106-->[:cloud_firestore] AndroidManifest.xml:11:17-82
107            <meta-data
107-->[:firebase_remote_config] AndroidManifest.xml:9:13-11:85
108                android:name="com.google.firebase.components:io.flutter.plugins.firebase.firebaseremoteconfig.FlutterFirebaseAppRegistrar"
108-->[:firebase_remote_config] AndroidManifest.xml:10:17-139
109                android:value="com.google.firebase.components.ComponentRegistrar" />
109-->[:firebase_remote_config] AndroidManifest.xml:11:17-82
110            <meta-data
110-->[:firebase_auth] AndroidManifest.xml:9:13-11:85
111                android:name="com.google.firebase.components:io.flutter.plugins.firebase.auth.FlutterFirebaseAuthRegistrar"
111-->[:firebase_auth] AndroidManifest.xml:10:17-124
112                android:value="com.google.firebase.components.ComponentRegistrar" />
112-->[:firebase_auth] AndroidManifest.xml:11:17-82
113            <meta-data
113-->[:firebase_database] AndroidManifest.xml:9:13-11:85
114                android:name="com.google.firebase.components:io.flutter.plugins.firebase.database.FlutterFirebaseAppRegistrar"
114-->[:firebase_database] AndroidManifest.xml:10:17-127
115                android:value="com.google.firebase.components.ComponentRegistrar" />
115-->[:firebase_database] AndroidManifest.xml:11:17-82
116            <meta-data
116-->[:firebase_storage] AndroidManifest.xml:9:13-11:85
117                android:name="com.google.firebase.components:io.flutter.plugins.firebase.storage.FlutterFirebaseAppRegistrar"
117-->[:firebase_storage] AndroidManifest.xml:10:17-126
118                android:value="com.google.firebase.components.ComponentRegistrar" />
118-->[:firebase_storage] AndroidManifest.xml:11:17-82
119            <meta-data
119-->[:firebase_messaging] AndroidManifest.xml:14:13-16:85
120                android:name="com.google.firebase.components:io.flutter.plugins.firebasemessaging.FlutterFirebaseAppRegistrar"
120-->[:firebase_messaging] AndroidManifest.xml:15:17-127
121                android:value="com.google.firebase.components.ComponentRegistrar" />
121-->[:firebase_messaging] AndroidManifest.xml:16:17-82
122            <meta-data
122-->[:firebase_dynamic_links] AndroidManifest.xml:11:13-13:85
123                android:name="com.google.firebase.components:io.flutter.plugins.firebasedynamiclinks.FlutterFirebaseAppRegistrar"
123-->[:firebase_dynamic_links] AndroidManifest.xml:12:17-130
124                android:value="com.google.firebase.components.ComponentRegistrar" />
124-->[:firebase_dynamic_links] AndroidManifest.xml:13:17-82
125            <meta-data
125-->[:firebase_analytics] AndroidManifest.xml:13:13-15:85
126                android:name="com.google.firebase.components:io.flutter.plugins.firebaseanalytics.FlutterFirebaseAppRegistrar"
126-->[:firebase_analytics] AndroidManifest.xml:14:17-127
127                android:value="com.google.firebase.components.ComponentRegistrar" />
127-->[:firebase_analytics] AndroidManifest.xml:15:17-82
128            <meta-data
128-->[:firebase_core] AndroidManifest.xml:9:13-11:85
129                android:name="com.google.firebase.components:io.flutter.plugins.firebase.core.FlutterFirebaseCoreRegistrar"
129-->[:firebase_core] AndroidManifest.xml:10:17-124
130                android:value="com.google.firebase.components.ComponentRegistrar" />
130-->[:firebase_core] AndroidManifest.xml:11:17-82
131            <meta-data
131-->[com.google.firebase:firebase-auth:20.0.1] AndroidManifest.xml:77:13-79:85
132                android:name="com.google.firebase.components:com.google.firebase.auth.FirebaseAuthRegistrar"
132-->[com.google.firebase:firebase-auth:20.0.1] AndroidManifest.xml:78:17-109
133                android:value="com.google.firebase.components.ComponentRegistrar" />
133-->[com.google.firebase:firebase-auth:20.0.1] AndroidManifest.xml:79:17-82
134            <meta-data
134-->[com.google.firebase:firebase-messaging:21.0.1] AndroidManifest.xml:39:13-41:85
135                android:name="com.google.firebase.components:com.google.firebase.messaging.FirebaseMessagingRegistrar"
135-->[com.google.firebase:firebase-messaging:21.0.1] AndroidManifest.xml:40:17-119
136                android:value="com.google.firebase.components.ComponentRegistrar" />
136-->[com.google.firebase:firebase-messaging:21.0.1] AndroidManifest.xml:41:17-82
137            <meta-data
137-->[com.google.firebase:firebase-iid:21.0.1] AndroidManifest.xml:32:13-34:85
138                android:name="com.google.firebase.components:com.google.firebase.iid.Registrar"
138-->[com.google.firebase:firebase-iid:21.0.1] AndroidManifest.xml:33:17-96
139                android:value="com.google.firebase.components.ComponentRegistrar" />
139-->[com.google.firebase:firebase-iid:21.0.1] AndroidManifest.xml:34:17-82
140            <meta-data
140-->[com.google.firebase:firebase-firestore:22.0.1] AndroidManifest.xml:20:13-22:85
141                android:name="com.google.firebase.components:com.google.firebase.firestore.FirestoreRegistrar"
141-->[com.google.firebase:firebase-firestore:22.0.1] AndroidManifest.xml:21:17-111
142                android:value="com.google.firebase.components.ComponentRegistrar" />
142-->[com.google.firebase:firebase-firestore:22.0.1] AndroidManifest.xml:22:17-82
143            <meta-data
143-->[com.google.firebase:firebase-dynamic-links:19.1.1] AndroidManifest.xml:11:13-13:85
144                android:name="com.google.firebase.components:com.google.firebase.dynamiclinks.internal.FirebaseDynamicLinkRegistrar"
144-->[com.google.firebase:firebase-dynamic-links:19.1.1] AndroidManifest.xml:12:17-133
145                android:value="com.google.firebase.components.ComponentRegistrar" />
145-->[com.google.firebase:firebase-dynamic-links:19.1.1] AndroidManifest.xml:13:17-82
146            <meta-data
146-->[com.google.firebase:firebase-storage:19.2.1] AndroidManifest.xml:33:13-35:85
147                android:name="com.google.firebase.components:com.google.firebase.storage.StorageRegistrar"
147-->[com.google.firebase:firebase-storage:19.2.1] AndroidManifest.xml:34:17-107
148                android:value="com.google.firebase.components.ComponentRegistrar" />
148-->[com.google.firebase:firebase-storage:19.2.1] AndroidManifest.xml:35:17-82
149            <meta-data
149-->[com.google.firebase:firebase-database:19.6.0] AndroidManifest.xml:32:13-34:85
150                android:name="com.google.firebase.components:com.google.firebase.database.DatabaseRegistrar"
150-->[com.google.firebase:firebase-database:19.6.0] AndroidManifest.xml:33:17-109
151                android:value="com.google.firebase.components.ComponentRegistrar" />
151-->[com.google.firebase:firebase-database:19.6.0] AndroidManifest.xml:34:17-82
152            <meta-data
152-->[com.google.firebase:firebase-config:20.0.2] AndroidManifest.xml:32:13-34:85
153                android:name="com.google.firebase.components:com.google.firebase.remoteconfig.RemoteConfigRegistrar"
153-->[com.google.firebase:firebase-config:20.0.2] AndroidManifest.xml:33:17-117
154                android:value="com.google.firebase.components.ComponentRegistrar" />
154-->[com.google.firebase:firebase-config:20.0.2] AndroidManifest.xml:34:17-82
155            <meta-data
155-->[com.google.android.gms:play-services-measurement-api:18.0.0] AndroidManifest.xml:30:13-32:85
156                android:name="com.google.firebase.components:com.google.firebase.analytics.connector.internal.AnalyticsConnectorRegistrar"
156-->[com.google.android.gms:play-services-measurement-api:18.0.0] AndroidManifest.xml:31:17-139
157                android:value="com.google.firebase.components.ComponentRegistrar" />
157-->[com.google.android.gms:play-services-measurement-api:18.0.0] AndroidManifest.xml:32:17-82
158            <meta-data
158-->[com.google.firebase:firebase-abt:20.0.0] AndroidManifest.xml:13:13-15:85
159                android:name="com.google.firebase.components:com.google.firebase.abt.component.AbtRegistrar"
159-->[com.google.firebase:firebase-abt:20.0.0] AndroidManifest.xml:14:17-109
160                android:value="com.google.firebase.components.ComponentRegistrar" />
160-->[com.google.firebase:firebase-abt:20.0.0] AndroidManifest.xml:15:17-82
161            <meta-data
161-->[com.google.firebase:firebase-installations:16.3.5] AndroidManifest.xml:18:13-20:85
162                android:name="com.google.firebase.components:com.google.firebase.installations.FirebaseInstallationsRegistrar"
162-->[com.google.firebase:firebase-installations:16.3.5] AndroidManifest.xml:19:17-127
163                android:value="com.google.firebase.components.ComponentRegistrar" />
163-->[com.google.firebase:firebase-installations:16.3.5] AndroidManifest.xml:20:17-82
164            <meta-data
164-->[com.google.firebase:firebase-datatransport:17.0.10] AndroidManifest.xml:28:13-30:85
165                android:name="com.google.firebase.components:com.google.firebase.datatransport.TransportRegistrar"
165-->[com.google.firebase:firebase-datatransport:17.0.10] AndroidManifest.xml:29:17-115
166                android:value="com.google.firebase.components.ComponentRegistrar" />
166-->[com.google.firebase:firebase-datatransport:17.0.10] AndroidManifest.xml:30:17-82
167            <!--
168                This registrar is not defined in the dynamic-module-support sdk itself to allow non-firebase
169                clients to use it as well, by defining this registrar in their own core/common library.
170            -->
171            <meta-data
171-->[com.google.firebase:firebase-common:19.5.0] AndroidManifest.xml:43:13-45:85
172                android:name="com.google.firebase.components:com.google.firebase.dynamicloading.DynamicLoadingRegistrar"
172-->[com.google.firebase:firebase-common:19.5.0] AndroidManifest.xml:44:17-121
173                android:value="com.google.firebase.components.ComponentRegistrar" />
173-->[com.google.firebase:firebase-common:19.5.0] AndroidManifest.xml:45:17-82
174        </service>
175        <service android:name="io.flutter.plugins.firebasemessaging.FlutterFirebaseMessagingService" >
175-->[:firebase_messaging] AndroidManifest.xml:8:9-12:19
175-->[:firebase_messaging] AndroidManifest.xml:8:18-101
176            <intent-filter>
176-->[:firebase_messaging] AndroidManifest.xml:9:13-11:29
177                <action android:name="com.google.firebase.MESSAGING_EVENT" />
177-->[:firebase_messaging] AndroidManifest.xml:10:17-78
177-->[:firebase_messaging] AndroidManifest.xml:10:25-75
178            </intent-filter>
179        </service>
180
181        <provider
181-->[:share] AndroidManifest.xml:8:9-16:20
182            android:name="io.flutter.plugins.share.ShareFileProvider"
182-->[:share] AndroidManifest.xml:9:13-70
183            android:authorities="com.thealphamerc.flutter_twitter_clone.flutter.share_provider"
183-->[:share] AndroidManifest.xml:10:13-74
184            android:exported="false"
184-->[:share] AndroidManifest.xml:11:13-37
185            android:grantUriPermissions="true" >
185-->[:share] AndroidManifest.xml:12:13-47
186            <meta-data
186-->[:image_picker] AndroidManifest.xml:16:13-18:75
187                android:name="android.support.FILE_PROVIDER_PATHS"
187-->[:image_picker] AndroidManifest.xml:17:17-67
188                android:resource="@xml/flutter_share_file_paths" />
188-->[:image_picker] AndroidManifest.xml:18:17-72
189        </provider>
190
191        <activity
191-->[:url_launcher] AndroidManifest.xml:8:9-11:74
192            android:name="io.flutter.plugins.urllauncher.WebViewActivity"
192-->[:url_launcher] AndroidManifest.xml:9:13-74
193            android:exported="false"
193-->[:url_launcher] AndroidManifest.xml:10:13-37
194            android:theme="@android:style/Theme.NoTitleBar.Fullscreen" />
194-->[:url_launcher] AndroidManifest.xml:11:13-71
195        <activity
195-->[com.google.firebase:firebase-auth:20.0.1] AndroidManifest.xml:27:9-44:20
196            android:name="com.google.firebase.auth.internal.GenericIdpActivity"
196-->[com.google.firebase:firebase-auth:20.0.1] AndroidManifest.xml:28:13-80
197            android:excludeFromRecents="true"
197-->[com.google.firebase:firebase-auth:20.0.1] AndroidManifest.xml:29:13-46
198            android:exported="true"
198-->[com.google.firebase:firebase-auth:20.0.1] AndroidManifest.xml:30:13-36
199            android:launchMode="singleTask"
199-->[com.google.firebase:firebase-auth:20.0.1] AndroidManifest.xml:31:13-44
200            android:theme="@android:style/Theme.Translucent.NoTitleBar" >
200-->[com.google.firebase:firebase-auth:20.0.1] AndroidManifest.xml:32:13-72
201            <intent-filter>
201-->[com.google.firebase:firebase-auth:20.0.1] AndroidManifest.xml:33:13-43:29
202                <action android:name="android.intent.action.VIEW" />
202-->[com.google.firebase:firebase-auth:20.0.1] AndroidManifest.xml:34:17-69
202-->[com.google.firebase:firebase-auth:20.0.1] AndroidManifest.xml:34:25-66
203
204                <category android:name="android.intent.category.DEFAULT" />
204-->[com.google.firebase:firebase-auth:20.0.1] AndroidManifest.xml:36:17-76
204-->[com.google.firebase:firebase-auth:20.0.1] AndroidManifest.xml:36:27-73
205                <category android:name="android.intent.category.BROWSABLE" />
205-->[com.google.firebase:firebase-auth:20.0.1] AndroidManifest.xml:37:17-78
205-->[com.google.firebase:firebase-auth:20.0.1] AndroidManifest.xml:37:27-75
206
207                <data
207-->[com.google.firebase:firebase-auth:20.0.1] AndroidManifest.xml:39:17-42:51
208                    android:host="firebase.auth"
208-->[com.google.firebase:firebase-auth:20.0.1] AndroidManifest.xml:40:21-49
209                    android:path="/"
209-->[com.google.firebase:firebase-auth:20.0.1] AndroidManifest.xml:41:21-37
210                    android:scheme="genericidp" />
210-->[com.google.firebase:firebase-auth:20.0.1] AndroidManifest.xml:42:21-48
211            </intent-filter>
212        </activity>
213        <activity
213-->[com.google.firebase:firebase-auth:20.0.1] AndroidManifest.xml:45:9-62:20
214            android:name="com.google.firebase.auth.internal.RecaptchaActivity"
214-->[com.google.firebase:firebase-auth:20.0.1] AndroidManifest.xml:46:13-79
215            android:excludeFromRecents="true"
215-->[com.google.firebase:firebase-auth:20.0.1] AndroidManifest.xml:47:13-46
216            android:exported="true"
216-->[com.google.firebase:firebase-auth:20.0.1] AndroidManifest.xml:48:13-36
217            android:launchMode="singleTask"
217-->[com.google.firebase:firebase-auth:20.0.1] AndroidManifest.xml:49:13-44
218            android:theme="@android:style/Theme.Translucent.NoTitleBar" >
218-->[com.google.firebase:firebase-auth:20.0.1] AndroidManifest.xml:50:13-72
219            <intent-filter>
219-->[com.google.firebase:firebase-auth:20.0.1] AndroidManifest.xml:51:13-61:29
220                <action android:name="android.intent.action.VIEW" />
220-->[com.google.firebase:firebase-auth:20.0.1] AndroidManifest.xml:34:17-69
220-->[com.google.firebase:firebase-auth:20.0.1] AndroidManifest.xml:34:25-66
221
222                <category android:name="android.intent.category.DEFAULT" />
222-->[com.google.firebase:firebase-auth:20.0.1] AndroidManifest.xml:36:17-76
222-->[com.google.firebase:firebase-auth:20.0.1] AndroidManifest.xml:36:27-73
223                <category android:name="android.intent.category.BROWSABLE" />
223-->[com.google.firebase:firebase-auth:20.0.1] AndroidManifest.xml:37:17-78
223-->[com.google.firebase:firebase-auth:20.0.1] AndroidManifest.xml:37:27-75
224
225                <data
225-->[com.google.firebase:firebase-auth:20.0.1] AndroidManifest.xml:39:17-42:51
226                    android:host="firebase.auth"
226-->[com.google.firebase:firebase-auth:20.0.1] AndroidManifest.xml:40:21-49
227                    android:path="/"
227-->[com.google.firebase:firebase-auth:20.0.1] AndroidManifest.xml:41:21-37
228                    android:scheme="recaptcha" />
228-->[com.google.firebase:firebase-auth:20.0.1] AndroidManifest.xml:42:21-48
229            </intent-filter>
230        </activity>
231
232        <service
232-->[com.google.firebase:firebase-auth:20.0.1] AndroidManifest.xml:64:9-73:19
233            android:name="com.google.firebase.auth.api.fallback.service.FirebaseAuthFallbackService"
233-->[com.google.firebase:firebase-auth:20.0.1] AndroidManifest.xml:65:13-101
234            android:enabled="true"
234-->[com.google.firebase:firebase-auth:20.0.1] AndroidManifest.xml:66:13-35
235            android:exported="false" >
235-->[com.google.firebase:firebase-auth:20.0.1] AndroidManifest.xml:67:13-37
236            <intent-filter>
236-->[com.google.firebase:firebase-auth:20.0.1] AndroidManifest.xml:68:13-72:29
237                <action android:name="com.google.firebase.auth.api.gms.service.START" />
237-->[com.google.firebase:firebase-auth:20.0.1] AndroidManifest.xml:69:17-89
237-->[com.google.firebase:firebase-auth:20.0.1] AndroidManifest.xml:69:25-86
238
239                <category android:name="android.intent.category.DEFAULT" />
239-->[com.google.firebase:firebase-auth:20.0.1] AndroidManifest.xml:36:17-76
239-->[com.google.firebase:firebase-auth:20.0.1] AndroidManifest.xml:36:27-73
240            </intent-filter>
241        </service>
242
243        <receiver
243-->[com.google.android.gms:play-services-measurement:18.0.0] AndroidManifest.xml:29:9-33:20
244            android:name="com.google.android.gms.measurement.AppMeasurementReceiver"
244-->[com.google.android.gms:play-services-measurement:18.0.0] AndroidManifest.xml:30:13-85
245            android:enabled="true"
245-->[com.google.android.gms:play-services-measurement:18.0.0] AndroidManifest.xml:31:13-35
246            android:exported="false" >
246-->[com.google.android.gms:play-services-measurement:18.0.0] AndroidManifest.xml:32:13-37
247        </receiver>
248
249        <service
249-->[com.google.android.gms:play-services-measurement:18.0.0] AndroidManifest.xml:35:9-38:40
250            android:name="com.google.android.gms.measurement.AppMeasurementService"
250-->[com.google.android.gms:play-services-measurement:18.0.0] AndroidManifest.xml:36:13-84
251            android:enabled="true"
251-->[com.google.android.gms:play-services-measurement:18.0.0] AndroidManifest.xml:37:13-35
252            android:exported="false" />
252-->[com.google.android.gms:play-services-measurement:18.0.0] AndroidManifest.xml:38:13-37
253        <service
253-->[com.google.android.gms:play-services-measurement:18.0.0] AndroidManifest.xml:39:9-43:72
254            android:name="com.google.android.gms.measurement.AppMeasurementJobService"
254-->[com.google.android.gms:play-services-measurement:18.0.0] AndroidManifest.xml:40:13-87
255            android:enabled="true"
255-->[com.google.android.gms:play-services-measurement:18.0.0] AndroidManifest.xml:41:13-35
256            android:exported="false"
256-->[com.google.android.gms:play-services-measurement:18.0.0] AndroidManifest.xml:42:13-37
257            android:permission="android.permission.BIND_JOB_SERVICE" />
257-->[com.google.android.gms:play-services-measurement:18.0.0] AndroidManifest.xml:43:13-69
258        <!--
259             FirebaseMessagingService performs security checks at runtime,
260             but set to not exported to explicitly avoid allowing another app to call it.
261        -->
262        <service
262-->[com.google.firebase:firebase-messaging:21.0.1] AndroidManifest.xml:28:9-35:19
263            android:name="com.google.firebase.messaging.FirebaseMessagingService"
263-->[com.google.firebase:firebase-messaging:21.0.1] AndroidManifest.xml:29:13-82
264            android:directBootAware="true"
264-->[com.google.firebase:firebase-messaging:21.0.1] AndroidManifest.xml:30:13-43
265            android:exported="false" >
265-->[com.google.firebase:firebase-messaging:21.0.1] AndroidManifest.xml:31:13-37
266            <intent-filter android:priority="-500" >
266-->[:firebase_messaging] AndroidManifest.xml:9:13-11:29
267                <action android:name="com.google.firebase.MESSAGING_EVENT" />
267-->[:firebase_messaging] AndroidManifest.xml:10:17-78